<?xml version="1.0" encoding="UTF-8"?>
<testng-results skipped="0" failed="0" ignored="0" total="2" passed="2">
  <reporter-output>
  </reporter-output>
  <suite name="Command line suite" duration-ms="1971" started-at="2020-03-15T08:02:53Z" finished-at="2020-03-15T08:02:55Z">
    <groups>
    </groups>
    <test name="Command line test" duration-ms="1971" started-at="2020-03-15T08:02:53Z" finished-at="2020-03-15T08:02:55Z">
      <class name="com.mvn.demo.NewTest">
        <test-method status="PASS" signature="beforeSuite()[pri:0, instance:com.mvn.demo.NewTest@380fb434]" name="beforeSuite" is-config="true" duration-ms="4054" started-at="2020-03-15T08:02:49Z" finished-at="2020-03-15T08:02:53Z">
          <reporter-output>
          </reporter-output>
        </test-method> <!-- beforeSuite -->
        <test-method status="PASS" signature="f()[pri:0, instance:com.mvn.demo.NewTest@380fb434]" name="f" duration-ms="1931" started-at="2020-03-15T08:02:53Z" finished-at="2020-03-15T08:02:55Z">
          <reporter-output>
          </reporter-output>
        </test-method> <!-- f -->
        <test-method status="PASS" signature="test2()[pri:0, instance:com.mvn.demo.NewTest@380fb434]" name="test2" duration-ms="17" started-at="2020-03-15T08:02:55Z" finished-at="2020-03-15T08:02:55Z">
          <reporter-output>
          </reporter-output>
        </test-method> <!-- test2 -->
      </class> <!-- com.mvn.demo.NewTest -->
    </test> <!-- Command line test -->
  </suite> <!-- Command line suite -->
</testng-results>
