<?xml version="1.0" encoding="UTF-8"?>
<testng-results skipped="0" failed="0" ignored="0" total="2" passed="2">
  <reporter-output>
  </reporter-output>
  <suite name="Default suite" duration-ms="1251" started-at="2020-03-15T19:44:29Z" finished-at="2020-03-15T19:44:31Z">
    <groups>
    </groups>
    <test name="Default test" duration-ms="1251" started-at="2020-03-15T19:44:29Z" finished-at="2020-03-15T19:44:31Z">
      <class name="com.mvn.demo.NewTest">
        <test-method status="PASS" signature="beforeSuite()[pri:0, instance:com.mvn.demo.NewTest@e50a6f6]" name="beforeSuite" is-config="true" duration-ms="3596" started-at="2020-03-15T19:44:26Z" finished-at="2020-03-15T19:44:29Z">
          <reporter-output>
          </reporter-output>
        </test-method> <!-- beforeSuite -->
        <test-method status="PASS" signature="f()[pri:0, instance:com.mvn.demo.NewTest@e50a6f6]" name="f" duration-ms="1185" started-at="2020-03-15T19:44:29Z" finished-at="2020-03-15T19:44:31Z">
          <reporter-output>
          </reporter-output>
        </test-method> <!-- f -->
        <test-method status="PASS" signature="test2()[pri:0, instance:com.mvn.demo.NewTest@e50a6f6]" name="test2" duration-ms="32" started-at="2020-03-15T19:44:31Z" finished-at="2020-03-15T19:44:31Z">
          <reporter-output>
          </reporter-output>
        </test-method> <!-- test2 -->
      </class> <!-- com.mvn.demo.NewTest -->
    </test> <!-- Default test -->
  </suite> <!-- Default suite -->
</testng-results>
